<?xml version="1.0" encoding="UTF-8"?>
<!-- Generated by org.testng.reporters.JUnitReportReporter -->
<testsuite hostname="DESKTOP-2AI6GM9" failures="0" tests="7" name="com.simplilearn.demo.FlipkartLogin" time="79.999" errors="0" timestamp="2022-10-11T13:27:29 IST" skipped="0">
  <testcase classname="com.simplilearn.demo.FlipkartLogin" name="cross_T1" time="59.504"/>
  <system-out/>
  <testcase classname="com.simplilearn.demo.FlipkartLogin" name="MaxWindow_T3" time="3.145"/>
  <system-out/>
  <testcase classname="com.simplilearn.demo.FlipkartLogin" name="TitleTest_T2" time="3.030"/>
  <system-out/>
  <testcase classname="com.simplilearn.demo.FlipkartLogin" name="SendingQuerry_T4" time="3.146"/>
  <system-out/>
  <testcase classname="com.simplilearn.demo.FlipkartLogin" name="Scroll_T6" time="3.331"/>
  <system-out/>
  <testcase classname="com.simplilearn.demo.FlipkartLogin" name="initialization_T0" time="4.768"/>
  <system-out/>
  <testcase classname="com.simplilearn.demo.FlipkartLogin" name="Search_T5" time="3.075"/>
  <system-out/>
</testsuite> <!-- com.simplilearn.demo.FlipkartLogin -->
